<?xml version="1.0" encoding="UTF-8"?>
<!-- Generated by org.testng.reporters.JUnitReportReporter -->
<testsuite skipped="0" hostname="DESKTOP-Q4STA4E" name="links.images" tests="1" failures="0" timestamp="22 Dec 2019 03:12:49 GMT" time="163.123" errors="0">
  <testcase name="testA" time="163.123" classname="links.images"/>
</testsuite> <!-- links.images -->
