<?xml version="1.0" encoding="UTF-8"?>
<!-- Generated by org.testng.reporters.JUnitReportReporter -->
<testsuite skipped="0" hostname="DESKTOP-Q4STA4E" name="testData.test" tests="1" failures="0" timestamp="15 Dec 2019 03:43:00 GMT" time="2.284" errors="0">
  <testcase name="testA" time="2.284" classname="testData.test"/>
</testsuite> <!-- testData.test -->
