<?xml version="1.0" encoding="UTF-8"?>
<!-- Generated by org.testng.reporters.JUnitReportReporter -->
<testsuite skipped="0" hostname="DESKTOP-Q4STA4E" name="listner.DEmoTestNG" tests="3" failures="0" timestamp="30 Dec 2019 05:24:03 GMT" time="0.031" errors="0">
  <testcase name="testB" time="0.000" classname="listner.DEmoTestNG"/>
  <testcase name="testA" time="0.031" classname="listner.DEmoTestNG"/>
  <testcase name="testC" time="0.000" classname="listner.DEmoTestNG"/>
</testsuite> <!-- listner.DEmoTestNG -->
