<?xml version="1.0" encoding="UTF-8"?>
<!-- Generated by org.testng.reporters.JUnitReportReporter -->
<testsuite skipped="0" hostname="DESKTOP-Q4STA4E" name="svg.circle" tests="1" failures="0" timestamp="15 Dec 2019 16:57:16 GMT" time="12.010" errors="0">
  <testcase name="testA" time="12.010" classname="svg.circle"/>
</testsuite> <!-- svg.circle -->
