<?xml version="1.0" encoding="UTF-8"?>
<!-- Generated by org.testng.reporters.JUnitReportReporter -->
<testsuite skipped="0" hostname="DESKTOP-Q4STA4E" name="headless.chrome" tests="1" failures="0" timestamp="22 Dec 2019 05:43:10 GMT" time="29.461" errors="0">
  <testcase name="testA" time="29.461" classname="headless.chrome"/>
</testsuite> <!-- headless.chrome -->
