<?xml version="1.0" encoding="UTF-8"?>
<!-- Generated by org.testng.reporters.JUnitReportReporter -->
<testsuite skipped="0" hostname="DESKTOP-Q4STA4E" name="testData.Demo" tests="1" failures="0" timestamp="08 Dec 2019 03:37:57 GMT" time="0.017" errors="0">
  <testcase name="dataa" time="0.017" classname="testData.Demo"/>
</testsuite> <!-- testData.Demo -->
