<?xml version="1.0" encoding="UTF-8"?>
<!-- Generated by org.testng.reporters.JUnitReportReporter -->
<testsuite skipped="0" hostname="DESKTOP-Q4STA4E" name="testData.alllinks" tests="1" failures="0" timestamp="15 Dec 2019 04:35:58 GMT" time="1.968" errors="0">
  <testcase name="testA" time="1.968" classname="testData.alllinks"/>
</testsuite> <!-- testData.alllinks -->
