<?xml version="1.0" encoding="UTF-8"?>
<!-- Generated by org.testng.reporters.JUnitReportReporter -->
<testsuite skipped="0" hostname="DESKTOP-Q4STA4E" name="headless.fluentwait" tests="1" failures="0" timestamp="22 Dec 2019 05:50:26 GMT" time="43.419" errors="0">
  <testcase name="testA" time="43.419" classname="headless.fluentwait"/>
</testsuite> <!-- headless.fluentwait -->
