<?xml version="1.0" encoding="UTF-8"?>
<!-- Generated by org.testng.reporters.JUnitReportReporter -->
<testsuite skipped="0" hostname="DESKTOP-Q4STA4E" name="headless.firefox" tests="1" failures="0" timestamp="28 Dec 2019 03:09:10 GMT" time="50.410" errors="0">
  <testcase name="testA" time="50.410" classname="headless.firefox"/>
</testsuite> <!-- headless.firefox -->
