<?xml version="1.0" encoding="UTF-8"?>
<!-- Generated by org.testng.reporters.JUnitReportReporter -->
<testsuite skipped="0" hostname="DESKTOP-Q4STA4E" name="headless.phatomjscodecrome" tests="1" failures="0" timestamp="22 Dec 2019 05:37:00 GMT" time="19.233" errors="0">
  <testcase name="testA" time="19.233" classname="headless.phatomjscodecrome"/>
</testsuite> <!-- headless.phatomjscodecrome -->
