<?xml version="1.0" encoding="UTF-8"?>
<!-- Generated by org.testng.reporters.JUnitReportReporter -->
<testsuite skipped="0" hostname="DESKTOP-Q4STA4E" name="svg.bargrapgsvg" tests="1" failures="0" timestamp="15 Dec 2019 16:59:20 GMT" time="40.736" errors="0">
  <testcase name="testA" time="40.736" classname="svg.bargrapgsvg"/>
</testsuite> <!-- svg.bargrapgsvg -->
