<?xml version="1.0" encoding="UTF-8"?>
<!-- Generated by org.testng.reporters.JUnitReportReporter -->
<testsuite skipped="0" hostname="DESKTOP-Q4STA4E" name="testData.link" tests="1" failures="0" timestamp="21 Dec 2019 04:29:15 GMT" time="149.115" errors="0">
  <testcase name="testLink" time="149.115" classname="testData.link"/>
</testsuite> <!-- testData.link -->
