<?xml version="1.0" encoding="UTF-8"?>
<!-- Generated by org.testng.reporters.JUnitReportReporter -->
<testsuite skipped="0" hostname="DESKTOP-Q4STA4E" name="links.img" tests="1" failures="0" timestamp="22 Dec 2019 03:13:26 GMT" time="62.049" errors="0">
  <testcase name="testImages" time="62.049" classname="links.img"/>
</testsuite> <!-- links.img -->
