<?xml version="1.0" encoding="UTF-8"?>
<!-- Generated by org.testng.reporters.JUnitReportReporter -->
<testsuite skipped="0" hostname="DESKTOP-Q4STA4E" name="headless.htmlunitdriverforheadless" tests="1" failures="0" timestamp="28 Dec 2019 03:43:06 GMT" time="5.335" errors="0">
  <testcase name="Demo4" time="5.335" classname="headless.htmlunitdriverforheadless"/>
</testsuite> <!-- headless.htmlunitdriverforheadless -->
