<?xml version="1.0" encoding="UTF-8"?>
<!-- Generated by org.testng.reporters.JUnitReportReporter -->
<testsuite skipped="0" hostname="DESKTOP-Q4STA4E" name="links.link1" tests="1" failures="0" timestamp="15 Dec 2019 04:39:06 GMT" time="1.365" errors="0">
  <testcase name="testA" time="1.365" classname="links.link1"/>
</testsuite> <!-- links.link1 -->
